<?xml version="1.0" encoding="UTF-8"?>
<testsuite name="bakery.bakeries.SweetsBakeryTest" tests="4" skipped="0" failures="0" errors="0" timestamp="2020-11-20T10:43:56" hostname="DESKTOP-SHIRO" time="0.006">
  <properties/>
  <testcase name="testWrongTopping()" classname="bakery.bakeries.SweetsBakeryTest" time="0.001"/>
  <testcase name="testAddTopping()" classname="bakery.bakeries.SweetsBakeryTest" time="0.0"/>
  <testcase name="testWrongFood()" classname="bakery.bakeries.SweetsBakeryTest" time="0.001"/>
  <testcase name="testOrderMeal()" classname="bakery.bakeries.SweetsBakeryTest" time="0.001"/>
  <system-out><![CDATA[]]></system-out>
  <system-err><![CDATA[]]></system-err>
</testsuite>
