<?xml version="1.0" encoding="UTF-8"?>
<testsuite name="bakery.bakeries.NormalBakeryTest" tests="1" skipped="0" failures="0" errors="0" timestamp="2020-11-19T18:26:03" hostname="DESKTOP-SHIRO" time="0.017">
  <properties/>
  <testcase name="testCostMultipleToppings()" classname="bakery.bakeries.NormalBakeryTest" time="0.017"/>
  <system-out><![CDATA[]]></system-out>
  <system-err><![CDATA[]]></system-err>
</testsuite>
